<?xml version="1.0" encoding="UTF-8"?>
<!-- Generated by org.testng.reporters.JUnitReportReporter -->
<testsuite hostname="DESKTOP-175K8UN" failures="0" tests="3" name="com.udemy.testcases.AddCustomerTest" time="6.448" errors="0" timestamp="27 Jul 2023 16:30:58 GMT" skipped="2">
  <testcase classname="com.udemy.testcases.AddCustomerTest" name="addCustomerTest" time="0.003">
    <skipped/>
  </testcase> <!-- addCustomerTest -->
  <testcase classname="com.udemy.testcases.AddCustomerTest" name="addCustomerTest" time="6.439"/>
  <testcase classname="com.udemy.testcases.AddCustomerTest" name="addCustomerTest" time="0.006">
    <skipped/>
  </testcase> <!-- addCustomerTest -->
</testsuite> <!-- com.udemy.testcases.AddCustomerTest -->
