<?xml version="1.0" encoding="UTF-8"?>
<!-- Generated by org.testng.reporters.JUnitReportReporter -->
<testsuite hostname="DESKTOP-175K8UN" failures="0" tests="1" name="com.udemy.testcases.AddCustomerTest" time="6.379" errors="0" timestamp="23 Jul 2023 07:43:46 GMT" skipped="0">
  <testcase classname="com.udemy.testcases.AddCustomerTest" name="addCustomer" time="6.379"/>
</testsuite> <!-- com.udemy.testcases.AddCustomerTest -->
