<?xml version="1.0" encoding="UTF-8"?>
<!-- Generated by org.testng.reporters.JUnitReportReporter -->
<testsuite hostname="DESKTOP-175K8UN" failures="0" tests="1" name="com.udemy.testcases.LoginTest" time="8.763" errors="0" timestamp="24 Jul 2023 17:38:58 GMT" skipped="0">
  <testcase classname="com.udemy.testcases.LoginTest" name="loginAsBankManager" time="8.763"/>
</testsuite> <!-- com.udemy.testcases.LoginTest -->
