<?xml version="1.0" encoding="UTF-8"?>
<!-- Generated by org.testng.reporters.JUnitReportReporter -->
<testsuite hostname="DESKTOP-175K8UN" failures="0" tests="1" name="com.udemy.testcases.OpenAccountTest" time="5.589" errors="0" timestamp="29 Jul 2023 07:49:39 GMT" skipped="0">
  <testcase classname="com.udemy.testcases.OpenAccountTest" name="openAccountTest" time="5.589"/>
</testsuite> <!-- com.udemy.testcases.OpenAccountTest -->
