<?xml version="1.0" encoding="UTF-8"?>
<!-- Generated by org.testng.reporters.JUnitReportReporter -->
<testsuite hostname="DESKTOP-175K8UN" failures="0" tests="4" name="com.udemy.testcases.AddCustomerTest" time="23.057" errors="0" timestamp="27 Jul 2023 06:56:48 GMT" skipped="0">
  <testcase classname="com.udemy.testcases.AddCustomerTest" name="addCustomerTest" time="6.017"/>
  <testcase classname="com.udemy.testcases.AddCustomerTest" name="addCustomerTest" time="5.889"/>
  <testcase classname="com.udemy.testcases.AddCustomerTest" name="addCustomerTest" time="5.571"/>
  <testcase classname="com.udemy.testcases.AddCustomerTest" name="addCustomerTest" time="5.580"/>
</testsuite> <!-- com.udemy.testcases.AddCustomerTest -->
