<?xml version="1.0" encoding="UTF-8"?>
<!-- Generated by org.testng.reporters.JUnitReportReporter -->
<testsuite hostname="DESKTOP-175K8UN" failures="0" tests="1" name="com.udemy.testcases.OpenAccountTest" time="0.001" errors="0" timestamp="27 Jul 2023 06:56:48 GMT" skipped="1">
  <testcase classname="com.udemy.testcases.OpenAccountTest" name="openAccountTest" time="0.001">
    <skipped/>
  </testcase> <!-- openAccountTest -->
</testsuite> <!-- com.udemy.testcases.OpenAccountTest -->
