<?xml version="1.0" encoding="UTF-8"?>
<!-- Generated by org.testng.reporters.JUnitReportReporter -->
<testsuite hostname="DESKTOP-175K8UN" failures="0" tests="3" name="com.udemy.testcases.AddCustomerTest" time="17.779" errors="0" timestamp="29 Jul 2023 07:49:39 GMT" skipped="0">
  <testcase classname="com.udemy.testcases.AddCustomerTest" name="addCustomerTest" time="6.080"/>
  <testcase classname="com.udemy.testcases.AddCustomerTest" name="addCustomerTest" time="5.507"/>
  <testcase classname="com.udemy.testcases.AddCustomerTest" name="addCustomerTest" time="6.192"/>
</testsuite> <!-- com.udemy.testcases.AddCustomerTest -->
